<?xml version="1.0" encoding="UTF-8"?>
<testsuite xmlns:xsi="http://www.w3.org/2001/XMLSchema-instance" xsi:noNamespaceSchemaLocation="https://maven.apache.org/surefire/maven-surefire-plugin/xsd/surefire-test-report-3.0.xsd" version="3.0" name="com.giovannyenes.service.CalculadoraTest" time="0.036" tests="5" errors="0" skipped="0" failures="0">
  <properties>
[...]
</properties>
  <testcase name="testDivisaoPorZero" classname="com.giovannyenes.service.CalculadoraTest" time="0.015"/>
  <testcase name="testSoma" classname="com.giovannyenes.service.CalculadoraTest" time="0.001"/>
  <testcase name="testSubtracao" classname="com.giovannyenes.service.CalculadoraTest" time="0.001"/>
  <testcase name="testDivisao" classname="com.giovannyenes.service.CalculadoraTest" time="0.001"/>
  <testcase name="testMultiplicacao" classname="com.giovannyenes.service.CalculadoraTest" time="0.0"/>
</testsuite>